<?xml version="1.0" encoding="UTF-8"?>
<!-- Generated by org.testng.reporters.JUnitReportReporter -->
<testsuite hostname="LAPTOP-GJFA8BNB" failures="0" tests="1" name="testCases.TC_001_AccountRegistrationTest" time="2.424" errors="0" timestamp="2023-10-02T20:22:01 IST" skipped="0">
  <testcase classname="testCases.TC_001_AccountRegistrationTest" name="test_account_Registration" time="2.424"/>
</testsuite> <!-- testCases.TC_001_AccountRegistrationTest -->
