<?xml version="1.0" encoding="UTF-8"?>
<!-- Generated by org.testng.reporters.JUnitReportReporter -->
<testsuite hostname="LAPTOP-GJFA8BNB" failures="0" tests="1" name="testCases.TC_002_LoginTest" time="1.071" errors="0" timestamp="2023-10-02T20:23:14 IST" skipped="0">
  <testcase classname="testCases.TC_002_LoginTest" name="test_Login" time="1.071"/>
</testsuite> <!-- testCases.TC_002_LoginTest -->
