<?xml version="1.0" encoding="UTF-8"?>
<!-- Generated by org.testng.reporters.JUnitReportReporter -->
<testsuite hostname="LAPTOP-GJFA8BNB" failures="0" tests="1" name="testCases.TC_001_AccountRegistrationTest" time="3.415" errors="0" timestamp="2023-10-14T13:42:57 IST" skipped="0">
  <testcase classname="testCases.TC_001_AccountRegistrationTest" name="test_account_Registration" time="3.415"/>
</testsuite> <!-- testCases.TC_001_AccountRegistrationTest -->
